<?xml version="1.0" encoding="UTF-8"?>
<!-- Generated by org.testng.reporters.JUnitReportReporter -->
<testsuite skipped="0" hostname="DESKTOP-HUJ3RCU" name="VerifyHomePage.VerifyHomePage" tests="1" failures="0" timestamp="11 Feb 2019 14:51:44 GMT" time="23.423" errors="0">
  <testcase name="Verifyvaliduserid" time="23.423" classname="VerifyHomePage.VerifyHomePage"/>
</testsuite> <!-- VerifyHomePage.VerifyHomePage -->
