<?xml version="1.0" encoding="UTF-8"?>
<!-- Generated by org.testng.reporters.JUnitReportReporter -->
<testsuite skipped="0" hostname="DESKTOP-HUJ3RCU" name="VerifyHomePage.Verifyvaldid" tests="1" failures="0" timestamp="17 Dec 2018 12:58:59 GMT" time="16.961" errors="0">
  <testcase name="checkvalidid" time="16.961" classname="VerifyHomePage.Verifyvaldid"/>
</testsuite> <!-- VerifyHomePage.Verifyvaldid -->
